This file contains any messages produced by compilers while
running configure, to aid debugging if configure makes a mistake.

It was created by encodef configure 0.40, which was
generated by GNU Autoconf 2.69.  Invocation command line was

  $ ./configure --prefix=/usr

## --------- ##
## Platform. ##
## --------- ##

hostname = unreal
uname -m = x86_64
uname -r = 4.10.11-1-ARCH
uname -s = Linux
uname -v = #1 SMP PREEMPT Tue Apr 18 08:39:42 CEST 2017

/usr/bin/uname -p = unknown
/bin/uname -X     = unknown

/bin/arch              = unknown
/usr/bin/arch -k       = unknown
/usr/convex/getsysinfo = unknown
/usr/bin/hostinfo      = unknown
/bin/machine           = unknown
/usr/bin/oslevel       = unknown
/bin/universe          = unknown

PATH: /usr/sbin
PATH: /usr/bin
PATH: /usr/lib64/notion/bin
PATH: /usr/local/sbin
PATH: /usr/local/bin
PATH: /sbin
PATH: /bin
PATH: /usr/bin/site_perl
PATH: /usr/bin/vendor_perl
PATH: /usr/bin/core_perl
PATH: /home/neg/bin
PATH: /home/neg/bin/go/bin
PATH: /home/neg/bin/local
PATH: /home/neg/bin/wm/bin
PATH: /opt/android-sdk/platform-tools
PATH: /mnt/home/.local/bin
PATH: /opt/cuda/bin
PATH: /home/neg/.gem/ruby/2.4.0/bin
PATH: /home/neg/.rvm/bin
PATH: /home/neg/.vim/repos/github.com/junegunn/fzf/bin


## ----------- ##
## Core tests. ##
## ----------- ##

configure:2140: checking for a BSD-compatible install
configure:2208: result: /usr/bin/install -c
configure:2219: checking whether build environment is sane
configure:2274: result: yes
configure:2425: checking for a thread-safe mkdir -p
configure:2464: result: /usr/sbin/mkdir -p
configure:2471: checking for gawk
configure:2487: found /usr/sbin/gawk
configure:2498: result: gawk
configure:2509: checking whether make sets $(MAKE)
configure:2531: result: yes
configure:2560: checking whether make supports nested variables
configure:2577: result: yes
configure:2755: checking for gcc
configure:2771: found /usr/sbin/gcc
configure:2782: result: gcc
configure:3011: checking for C compiler version
configure:3020: gcc --version >&5
gcc (GCC) 6.3.1 20170306
Copyright (C) 2016 Free Software Foundation, Inc.
This is free software; see the source for copying conditions.  There is NO
warranty; not even for MERCHANTABILITY or FITNESS FOR A PARTICULAR PURPOSE.

configure:3031: $? = 0
configure:3020: gcc -v >&5
Using built-in specs.
COLLECT_GCC=gcc
COLLECT_LTO_WRAPPER=/usr/lib/gcc/x86_64-pc-linux-gnu/6.3.1/lto-wrapper
Target: x86_64-pc-linux-gnu
Configured with: /build/gcc-multilib/src/gcc/configure --prefix=/usr --libdir=/usr/lib --libexecdir=/usr/lib --mandir=/usr/share/man --infodir=/usr/share/info --with-bugurl=https://bugs.archlinux.org/ --enable-languages=c,c++,ada,fortran,go,lto,objc,obj-c++ --enable-shared --enable-threads=posix --enable-libmpx --with-system-zlib --with-isl --enable-__cxa_atexit --disable-libunwind-exceptions --enable-clocale=gnu --disable-libstdcxx-pch --disable-libssp --enable-gnu-unique-object --enable-linker-build-id --enable-lto --enable-plugin --enable-install-libiberty --with-linker-hash-style=gnu --enable-gnu-indirect-function --enable-multilib --disable-werror --enable-checking=release
Thread model: posix
gcc version 6.3.1 20170306 (GCC) 
configure:3031: $? = 0
configure:3020: gcc -V >&5
gcc: error: unrecognized command line option '-V'
gcc: fatal error: no input files
compilation terminated.
configure:3031: $? = 1
configure:3020: gcc -qversion >&5
gcc: error: unrecognized command line option '-qversion'; did you mean '--version'?
gcc: fatal error: no input files
compilation terminated.
configure:3031: $? = 1
configure:3051: checking whether the C compiler works
configure:3073: gcc    conftest.c  >&5
configure:3077: $? = 0
configure:3125: result: yes
configure:3128: checking for C compiler default output file name
configure:3130: result: a.out
configure:3136: checking for suffix of executables
configure:3143: gcc -o conftest    conftest.c  >&5
configure:3147: $? = 0
configure:3169: result: 
configure:3191: checking whether we are cross compiling
configure:3199: gcc -o conftest    conftest.c  >&5
configure:3203: $? = 0
configure:3210: ./conftest
configure:3214: $? = 0
configure:3229: result: no
configure:3234: checking for suffix of object files
configure:3256: gcc -c   conftest.c >&5
configure:3260: $? = 0
configure:3281: result: o
configure:3285: checking whether we are using the GNU C compiler
configure:3304: gcc -c   conftest.c >&5
configure:3304: $? = 0
configure:3313: result: yes
configure:3322: checking whether gcc accepts -g
configure:3342: gcc -c -g  conftest.c >&5
configure:3342: $? = 0
configure:3383: result: yes
configure:3400: checking for gcc option to accept ISO C89
configure:3463: gcc  -c -g -O2  conftest.c >&5
configure:3463: $? = 0
configure:3476: result: none needed
configure:3501: checking whether gcc understands -c and -o together
configure:3523: gcc -c conftest.c -o conftest2.o
configure:3526: $? = 0
configure:3523: gcc -c conftest.c -o conftest2.o
configure:3526: $? = 0
configure:3538: result: yes
configure:3566: checking for style of include used by make
configure:3594: result: GNU
configure:3620: checking dependency style of gcc
configure:3731: result: gcc3
configure:3759: checking how to run the C preprocessor
configure:3790: gcc -E  conftest.c
configure:3790: $? = 0
configure:3804: gcc -E  conftest.c
conftest.c:11:28: fatal error: ac_nonexistent.h: No such file or directory
 #include <ac_nonexistent.h>
                            ^
compilation terminated.
configure:3804: $? = 1
configure: failed program was:
| /* confdefs.h */
| #define PACKAGE_NAME "encodef"
| #define PACKAGE_TARNAME "encodef"
| #define PACKAGE_VERSION "0.40"
| #define PACKAGE_STRING "encodef 0.40"
| #define PACKAGE_BUGREPORT "dwheeler@dwheeler.com"
| #define PACKAGE_URL "https://sourceforge.net/projects/encodef/"
| #define PACKAGE "encodef"
| #define VERSION "0.40"
| /* end confdefs.h.  */
| #include <ac_nonexistent.h>
configure:3829: result: gcc -E
configure:3849: gcc -E  conftest.c
configure:3849: $? = 0
configure:3863: gcc -E  conftest.c
conftest.c:11:28: fatal error: ac_nonexistent.h: No such file or directory
 #include <ac_nonexistent.h>
                            ^
compilation terminated.
configure:3863: $? = 1
configure: failed program was:
| /* confdefs.h */
| #define PACKAGE_NAME "encodef"
| #define PACKAGE_TARNAME "encodef"
| #define PACKAGE_VERSION "0.40"
| #define PACKAGE_STRING "encodef 0.40"
| #define PACKAGE_BUGREPORT "dwheeler@dwheeler.com"
| #define PACKAGE_URL "https://sourceforge.net/projects/encodef/"
| #define PACKAGE "encodef"
| #define VERSION "0.40"
| /* end confdefs.h.  */
| #include <ac_nonexistent.h>
configure:3892: checking for grep that handles long lines and -e
configure:3950: result: /usr/sbin/grep
configure:3955: checking for egrep
configure:4017: result: /usr/sbin/grep -E
configure:4022: checking for ANSI C header files
configure:4042: gcc -c -g -O2  conftest.c >&5
configure:4042: $? = 0
configure:4115: gcc -o conftest -g -O2   conftest.c  >&5
configure:4115: $? = 0
configure:4115: ./conftest
configure:4115: $? = 0
configure:4126: result: yes
configure:4139: checking for sys/types.h
configure:4139: gcc -c -g -O2  conftest.c >&5
configure:4139: $? = 0
configure:4139: result: yes
configure:4139: checking for sys/stat.h
configure:4139: gcc -c -g -O2  conftest.c >&5
configure:4139: $? = 0
configure:4139: result: yes
configure:4139: checking for stdlib.h
configure:4139: gcc -c -g -O2  conftest.c >&5
configure:4139: $? = 0
configure:4139: result: yes
configure:4139: checking for string.h
configure:4139: gcc -c -g -O2  conftest.c >&5
configure:4139: $? = 0
configure:4139: result: yes
configure:4139: checking for memory.h
configure:4139: gcc -c -g -O2  conftest.c >&5
configure:4139: $? = 0
configure:4139: result: yes
configure:4139: checking for strings.h
configure:4139: gcc -c -g -O2  conftest.c >&5
configure:4139: $? = 0
configure:4139: result: yes
configure:4139: checking for inttypes.h
configure:4139: gcc -c -g -O2  conftest.c >&5
configure:4139: $? = 0
configure:4139: result: yes
configure:4139: checking for stdint.h
configure:4139: gcc -c -g -O2  conftest.c >&5
configure:4139: $? = 0
configure:4139: result: yes
configure:4139: checking for unistd.h
configure:4139: gcc -c -g -O2  conftest.c >&5
configure:4139: $? = 0
configure:4139: result: yes
configure:4154: checking for stdlib.h
configure:4154: result: yes
configure:4154: checking for string.h
configure:4154: result: yes
configure:4166: checking for stdbool.h that conforms to C99
configure:4233: gcc -c -g -O2  conftest.c >&5
configure:4233: $? = 0
configure:4240: result: yes
configure:4242: checking for _Bool
configure:4242: gcc -c -g -O2  conftest.c >&5
configure:4242: $? = 0
configure:4242: gcc -c -g -O2  conftest.c >&5
conftest.c: In function 'main':
conftest.c:59:20: error: expected expression before ')' token
 if (sizeof ((_Bool)))
                    ^
configure:4242: $? = 1
configure: failed program was:
| /* confdefs.h */
| #define PACKAGE_NAME "encodef"
| #define PACKAGE_TARNAME "encodef"
| #define PACKAGE_VERSION "0.40"
| #define PACKAGE_STRING "encodef 0.40"
| #define PACKAGE_BUGREPORT "dwheeler@dwheeler.com"
| #define PACKAGE_URL "https://sourceforge.net/projects/encodef/"
| #define PACKAGE "encodef"
| #define VERSION "0.40"
| #define STDC_HEADERS 1
| #define HAVE_SYS_TYPES_H 1
| #define HAVE_SYS_STAT_H 1
| #define HAVE_STDLIB_H 1
| #define HAVE_STRING_H 1
| #define HAVE_MEMORY_H 1
| #define HAVE_STRINGS_H 1
| #define HAVE_INTTYPES_H 1
| #define HAVE_STDINT_H 1
| #define HAVE_UNISTD_H 1
| #define HAVE_STDLIB_H 1
| #define HAVE_STRING_H 1
| /* end confdefs.h.  */
| #include <stdio.h>
| #ifdef HAVE_SYS_TYPES_H
| # include <sys/types.h>
| #endif
| #ifdef HAVE_SYS_STAT_H
| # include <sys/stat.h>
| #endif
| #ifdef STDC_HEADERS
| # include <stdlib.h>
| # include <stddef.h>
| #else
| # ifdef HAVE_STDLIB_H
| #  include <stdlib.h>
| # endif
| #endif
| #ifdef HAVE_STRING_H
| # if !defined STDC_HEADERS && defined HAVE_MEMORY_H
| #  include <memory.h>
| # endif
| # include <string.h>
| #endif
| #ifdef HAVE_STRINGS_H
| # include <strings.h>
| #endif
| #ifdef HAVE_INTTYPES_H
| # include <inttypes.h>
| #endif
| #ifdef HAVE_STDINT_H
| # include <stdint.h>
| #endif
| #ifdef HAVE_UNISTD_H
| # include <unistd.h>
| #endif
| int
| main ()
| {
| if (sizeof ((_Bool)))
| 	    return 0;
|   ;
|   return 0;
| }
configure:4242: result: yes
configure:4262: checking CFLAGS for maximum warnings
configure:4282: gcc -c -g -O2 -warn all  -warn all  conftest.c >&5
gcc: error: all: No such file or directory
gcc: error: all: No such file or directory
gcc: error: unrecognized command line option '-warn'; did you mean '--warn-'?
gcc: error: unrecognized command line option '-warn'; did you mean '--warn-'?
configure:4282: $? = 1
configure: failed program was:
| /* confdefs.h */
| #define PACKAGE_NAME "encodef"
| #define PACKAGE_TARNAME "encodef"
| #define PACKAGE_VERSION "0.40"
| #define PACKAGE_STRING "encodef 0.40"
| #define PACKAGE_BUGREPORT "dwheeler@dwheeler.com"
| #define PACKAGE_URL "https://sourceforge.net/projects/encodef/"
| #define PACKAGE "encodef"
| #define VERSION "0.40"
| #define STDC_HEADERS 1
| #define HAVE_SYS_TYPES_H 1
| #define HAVE_SYS_STAT_H 1
| #define HAVE_STDLIB_H 1
| #define HAVE_STRING_H 1
| #define HAVE_MEMORY_H 1
| #define HAVE_STRINGS_H 1
| #define HAVE_INTTYPES_H 1
| #define HAVE_STDINT_H 1
| #define HAVE_UNISTD_H 1
| #define HAVE_STDLIB_H 1
| #define HAVE_STRING_H 1
| #define HAVE__BOOL 1
| /* end confdefs.h.  */
| 
| int
| main ()
| {
| 
|   ;
|   return 0;
| }
configure:4282: gcc -c -g -O2 -pedantic  -Wall  conftest.c >&5
configure:4282: $? = 0
configure:4290: result: -Wall
configure:4310: : CFLAGS="$CFLAGS"
configure:4313: $? = 0
configure:4344: checking whether C compiler accepts -Wextra
configure:4363: gcc -c -g -O2 -Wall  -Wextra  conftest.c >&5
configure:4363: $? = 0
configure:4372: result: yes
configure:4388: : CFLAGS="$CFLAGS"
configure:4391: $? = 0
configure:4419: checking whether C compiler accepts -pedantic
configure:4438: gcc -c -g -O2 -Wall -Wextra  -pedantic  conftest.c >&5
configure:4438: $? = 0
configure:4447: result: yes
configure:4463: : CFLAGS="$CFLAGS"
configure:4466: $? = 0
configure:4601: checking that generated files are newer than configure
configure:4607: result: done
configure:4630: creating ./config.status

## ---------------------- ##
## Running config.status. ##
## ---------------------- ##

This file was extended by encodef config.status 0.40, which was
generated by GNU Autoconf 2.69.  Invocation command line was

  CONFIG_FILES    = 
  CONFIG_HEADERS  = 
  CONFIG_LINKS    = 
  CONFIG_COMMANDS = 
  $ ./config.status 

on unreal

config.status:856: creating Makefile
config.status:856: creating config.h
config.status:1037: config.h is unchanged
config.status:1085: executing depfiles commands

## ---------------- ##
## Cache variables. ##
## ---------------- ##

ac_cv_c_compiler_gnu=yes
ac_cv_cflags_warn_all=-Wall
ac_cv_env_CC_set=
ac_cv_env_CC_value=
ac_cv_env_CFLAGS_set=
ac_cv_env_CFLAGS_value=
ac_cv_env_CPPFLAGS_set=
ac_cv_env_CPPFLAGS_value=
ac_cv_env_CPP_set=
ac_cv_env_CPP_value=
ac_cv_env_LDFLAGS_set=
ac_cv_env_LDFLAGS_value=
ac_cv_env_LIBS_set=
ac_cv_env_LIBS_value=
ac_cv_env_build_alias_set=
ac_cv_env_build_alias_value=
ac_cv_env_host_alias_set=
ac_cv_env_host_alias_value=
ac_cv_env_target_alias_set=
ac_cv_env_target_alias_value=
ac_cv_header_inttypes_h=yes
ac_cv_header_memory_h=yes
ac_cv_header_stdbool_h=yes
ac_cv_header_stdc=yes
ac_cv_header_stdint_h=yes
ac_cv_header_stdlib_h=yes
ac_cv_header_string_h=yes
ac_cv_header_strings_h=yes
ac_cv_header_sys_stat_h=yes
ac_cv_header_sys_types_h=yes
ac_cv_header_unistd_h=yes
ac_cv_objext=o
ac_cv_path_EGREP='/usr/sbin/grep -E'
ac_cv_path_GREP=/usr/sbin/grep
ac_cv_path_install='/usr/bin/install -c'
ac_cv_path_mkdir=/usr/sbin/mkdir
ac_cv_prog_AWK=gawk
ac_cv_prog_CPP='gcc -E'
ac_cv_prog_ac_ct_CC=gcc
ac_cv_prog_cc_c89=
ac_cv_prog_cc_g=yes
ac_cv_prog_make_make_set=yes
ac_cv_type__Bool=yes
am_cv_CC_dependencies_compiler_type=gcc3
am_cv_make_support_nested_variables=yes
am_cv_prog_cc_c_o=yes
ax_cv_check_cflags___Wextra=yes
ax_cv_check_cflags___pedantic=yes

## ----------------- ##
## Output variables. ##
## ----------------- ##

ACLOCAL='${SHELL} /home/neg/src/1st_level/encodef/build-aux/missing aclocal-1.15'
AMDEPBACKSLASH='\'
AMDEP_FALSE='#'
AMDEP_TRUE=''
AMTAR='$${TAR-tar}'
AM_BACKSLASH='\'
AM_DEFAULT_V='$(AM_DEFAULT_VERBOSITY)'
AM_DEFAULT_VERBOSITY='1'
AM_V='$(V)'
AUTOCONF='${SHELL} /home/neg/src/1st_level/encodef/build-aux/missing autoconf'
AUTOHEADER='${SHELL} /home/neg/src/1st_level/encodef/build-aux/missing autoheader'
AUTOMAKE='${SHELL} /home/neg/src/1st_level/encodef/build-aux/missing automake-1.15'
AWK='gawk'
CC='gcc'
CCDEPMODE='depmode=gcc3'
CFLAGS='-g -O2 -Wall -Wextra -pedantic'
CPP='gcc -E'
CPPFLAGS=''
CYGPATH_W='echo'
DEFS='-DHAVE_CONFIG_H'
DEPDIR='.deps'
ECHO_C=''
ECHO_N='-n'
ECHO_T=''
EGREP='/usr/sbin/grep -E'
EXEEXT=''
GREP='/usr/sbin/grep'
INSTALL_DATA='${INSTALL} -m 644'
INSTALL_PROGRAM='${INSTALL}'
INSTALL_SCRIPT='${INSTALL}'
INSTALL_STRIP_PROGRAM='$(install_sh) -c -s'
LDFLAGS=''
LIBOBJS=''
LIBS=''
LTLIBOBJS=''
MAKEINFO='${SHELL} /home/neg/src/1st_level/encodef/build-aux/missing makeinfo'
MKDIR_P='/usr/sbin/mkdir -p'
OBJEXT='o'
PACKAGE='encodef'
PACKAGE_BUGREPORT='dwheeler@dwheeler.com'
PACKAGE_NAME='encodef'
PACKAGE_STRING='encodef 0.40'
PACKAGE_TARNAME='encodef'
PACKAGE_URL='https://sourceforge.net/projects/encodef/'
PACKAGE_VERSION='0.40'
PATH_SEPARATOR=':'
SET_MAKE=''
SHELL='/bin/sh'
STRIP=''
VERSION='0.40'
ac_ct_CC='gcc'
am__EXEEXT_FALSE=''
am__EXEEXT_TRUE='#'
am__fastdepCC_FALSE='#'
am__fastdepCC_TRUE=''
am__include='include'
am__isrc=''
am__leading_dot='.'
am__nodep='_no'
am__quote=''
am__tar='$${TAR-tar} chof - "$$tardir"'
am__untar='$${TAR-tar} xf -'
bindir='${exec_prefix}/bin'
build_alias=''
datadir='${datarootdir}'
datarootdir='${prefix}/share'
docdir='${datarootdir}/doc/${PACKAGE_TARNAME}'
dvidir='${docdir}'
exec_prefix='${prefix}'
host_alias=''
htmldir='${docdir}'
includedir='${prefix}/include'
infodir='${datarootdir}/info'
install_sh='${SHELL} /home/neg/src/1st_level/encodef/build-aux/install-sh'
libdir='${exec_prefix}/lib'
libexecdir='${exec_prefix}/libexec'
localedir='${datarootdir}/locale'
localstatedir='${prefix}/var'
mandir='${datarootdir}/man'
mkdir_p='$(MKDIR_P)'
oldincludedir='/usr/include'
pdfdir='${docdir}'
prefix='/usr'
program_transform_name='s,x,x,'
psdir='${docdir}'
sbindir='${exec_prefix}/sbin'
sharedstatedir='${prefix}/com'
sysconfdir='${prefix}/etc'
target_alias=''

## ----------- ##
## confdefs.h. ##
## ----------- ##

/* confdefs.h */
#define PACKAGE_NAME "encodef"
#define PACKAGE_TARNAME "encodef"
#define PACKAGE_VERSION "0.40"
#define PACKAGE_STRING "encodef 0.40"
#define PACKAGE_BUGREPORT "dwheeler@dwheeler.com"
#define PACKAGE_URL "https://sourceforge.net/projects/encodef/"
#define PACKAGE "encodef"
#define VERSION "0.40"
#define STDC_HEADERS 1
#define HAVE_SYS_TYPES_H 1
#define HAVE_SYS_STAT_H 1
#define HAVE_STDLIB_H 1
#define HAVE_STRING_H 1
#define HAVE_MEMORY_H 1
#define HAVE_STRINGS_H 1
#define HAVE_INTTYPES_H 1
#define HAVE_STDINT_H 1
#define HAVE_UNISTD_H 1
#define HAVE_STDLIB_H 1
#define HAVE_STRING_H 1
#define HAVE__BOOL 1

configure: exit 0

## ---------------------- ##
## Running config.status. ##
## ---------------------- ##

This file was extended by encodef config.status 0.40, which was
generated by GNU Autoconf 2.69.  Invocation command line was

  CONFIG_FILES    = 
  CONFIG_HEADERS  = 
  CONFIG_LINKS    = 
  CONFIG_COMMANDS = 
  $ ./config.status Makefile depfiles

on unreal

config.status:856: creating Makefile
config.status:1085: executing depfiles commands

## ---------------------- ##
## Running config.status. ##
## ---------------------- ##

This file was extended by encodef config.status 0.40, which was
generated by GNU Autoconf 2.69.  Invocation command line was

  CONFIG_FILES    = 
  CONFIG_HEADERS  = 
  CONFIG_LINKS    = 
  CONFIG_COMMANDS = 
  $ ./config.status config.h

on unreal

config.status:856: creating config.h
config.status:1037: config.h is unchanged
